2025-12-02 01:15:19 INFO  [background-preinit] [] [] org.hibernate.validator.internal.util.Version - HV000001: Hibernate Validator 8.0.1.Final
2025-12-02 01:15:20 INFO  [main] [] [] com.example.minion.MinionServiceApplicationTests - Starting MinionServiceApplicationTests using Java 17.0.11 with PID 15824 (started by User in C:\Users\User\minion-service)
2025-12-02 01:15:20 INFO  [main] [] [] com.example.minion.MinionServiceApplicationTests - No active profile set, falling back to 1 default profile: "default"
2025-12-02 01:15:20 DEBUG [main] [] [] com.example.minion.aop.LoggingAspect - Entering method: AppConfig.restTemplate() with args: []
2025-12-02 01:15:20 DEBUG [main] [] [] com.example.minion.aop.LoggingAspect - Exiting method: AppConfig.restTemplate() with result: org.springframework.web.client.RestTemplate@21263314 (14ms)
2025-12-02 01:15:21 INFO  [main] [] [] com.example.minion.MinionServiceApplicationTests - Started MinionServiceApplicationTests in 1.89 seconds (process running for 2.758)
2025-12-02 01:32:33 INFO  [background-preinit] [] [] org.hibernate.validator.internal.util.Version - HV000001: Hibernate Validator 8.0.1.Final
2025-12-02 01:32:33 INFO  [main] [] [] com.example.minion.MinionServiceApplicationTests - Starting MinionServiceApplicationTests using Java 17.0.11 with PID 8756 (started by User in C:\Users\User\minion-service)
2025-12-02 01:32:33 INFO  [main] [] [] com.example.minion.MinionServiceApplicationTests - No active profile set, falling back to 1 default profile: "default"
2025-12-02 01:32:35 DEBUG [main] [] [] com.example.minion.aop.LoggingAspect - Entering method: AppConfig.restTemplate() with args: []
2025-12-02 01:32:35 DEBUG [main] [] [] com.example.minion.aop.LoggingAspect - Exiting method: AppConfig.restTemplate() with result: org.springframework.web.client.RestTemplate@6ca30b8a (33ms)
2025-12-02 01:32:36 INFO  [main] [] [] com.example.minion.MinionServiceApplicationTests - Started MinionServiceApplicationTests in 3.721 seconds (process running for 5.207)
2025-12-02 02:12:41 INFO  [background-preinit] [] [] [] org.hibernate.validator.internal.util.Version - HV000001: Hibernate Validator 8.0.1.Final
2025-12-02 02:12:41 INFO  [main] [] [] [] com.example.minion.controller.MinionControllerTest - Starting MinionControllerTest using Java 17.0.11 with PID 1816 (started by User in C:\Users\User\minion-service)
2025-12-02 02:12:41 INFO  [main] [] [] [] com.example.minion.controller.MinionControllerTest - No active profile set, falling back to 1 default profile: "default"
2025-12-02 02:12:47 INFO  [main] [] [] [] org.springframework.boot.test.mock.web.SpringBootMockServletContext - Initializing Spring TestDispatcherServlet ''
2025-12-02 02:12:47 INFO  [main] [] [] [] org.springframework.test.web.servlet.TestDispatcherServlet - Initializing Servlet ''
2025-12-02 02:12:47 INFO  [main] [] [] [] org.springframework.test.web.servlet.TestDispatcherServlet - Completed initialization in 3 ms
2025-12-02 02:12:47 INFO  [main] [] [] [] com.example.minion.controller.MinionControllerTest - Started MinionControllerTest in 7.558 seconds (process running for 10.949)
2025-12-02 02:12:47 WARN  [main] [] [] [] org.springframework.web.servlet.mvc.support.DefaultHandlerExceptionResolver - Resolved [org.springframework.http.converter.HttpMessageNotReadableException: JSON parse error: Unexpected character ('i' (code 105)): was expecting double-quote to start field name]
2025-12-02 02:12:48 WARN  [main] [] [] [] org.springframework.web.servlet.mvc.support.DefaultHandlerExceptionResolver - Resolved [org.springframework.web.bind.MethodArgumentNotValidException: Validation failed for argument [0] in public org.springframework.http.ResponseEntity<java.lang.Void> com.example.minion.controller.MinionController.crack(com.example.minion.dto.CrackRequest): [Field error in object 'crackRequest' on field 'taskId': rejected value [null]; codes [NotBlank.crackRequest.taskId,NotBlank.taskId,NotBlank.java.lang.String,NotBlank]; arguments [org.springframework.context.support.DefaultMessageSourceResolvable: codes [crackRequest.taskId,taskId]; arguments []; default message [taskId]]; default message [must not be blank]] ]
2025-12-02 02:12:48 WARN  [main] [] [] [] org.springframework.web.servlet.mvc.support.DefaultHandlerExceptionResolver - Resolved [org.springframework.web.bind.MethodArgumentNotValidException: Validation failed for argument [0] in public org.springframework.http.ResponseEntity<java.lang.Void> com.example.minion.controller.MinionController.crack(com.example.minion.dto.CrackRequest): [Field error in object 'crackRequest' on field 'hash': rejected value [null]; codes [NotBlank.crackRequest.hash,NotBlank.hash,NotBlank.java.lang.String,NotBlank]; arguments [org.springframework.context.support.DefaultMessageSourceResolvable: codes [crackRequest.hash,hash]; arguments []; default message [hash]]; default message [must not be blank]] ]
2025-12-02 02:12:48 WARN  [main] [] [] [] org.springframework.web.servlet.mvc.support.DefaultHandlerExceptionResolver - Resolved [org.springframework.web.bind.MethodArgumentNotValidException: Validation failed for argument [0] in public org.springframework.http.ResponseEntity<java.lang.Void> com.example.minion.controller.MinionController.crack(com.example.minion.dto.CrackRequest) with 2 errors: [Field error in object 'crackRequest' on field 'rangeFrom': rejected value [null]; codes [NotNull.crackRequest.rangeFrom,NotNull.rangeFrom,NotNull.java.lang.Long,NotNull]; arguments [org.springframework.context.support.DefaultMessageSourceResolvable: codes [crackRequest.rangeFrom,rangeFrom]; arguments []; default message [rangeFrom]]; default message [must not be null]] [Field error in object 'crackRequest' on field 'rangeTo': rejected value [null]; codes [NotNull.crackRequest.rangeTo,NotNull.rangeTo,NotNull.java.lang.Long,NotNull]; arguments [org.springframework.context.support.DefaultMessageSourceResolvable: codes [crackRequest.rangeTo,rangeTo]; arguments []; default message [rangeTo]]; default message [must not be null]] ]
2025-12-02 02:12:48 INFO  [main] [] [] [] com.example.minion.controller.MinionController - Received crack request: taskId=task-123
2025-12-02 02:12:48 INFO  [main] [] [] [] org.springframework.test.context.support.AnnotationConfigContextLoaderUtils - Could not detect default configuration classes for test class [com.example.minion.MinionServiceApplicationTests]: MinionServiceApplicationTests does not declare any static, non-private, non-final, nested classes annotated with @Configuration.
2025-12-02 02:12:48 INFO  [main] [] [] [] org.springframework.boot.test.context.SpringBootTestContextBootstrapper - Found @SpringBootConfiguration com.example.minion.MinionServiceApplication for test class com.example.minion.MinionServiceApplicationTests
2025-12-02 02:12:48 INFO  [main] [] [] [] com.example.minion.MinionServiceApplicationTests - Starting MinionServiceApplicationTests using Java 17.0.11 with PID 1816 (started by User in C:\Users\User\minion-service)
2025-12-02 02:12:48 INFO  [main] [] [] [] com.example.minion.MinionServiceApplicationTests - No active profile set, falling back to 1 default profile: "default"
2025-12-02 02:12:49 DEBUG [main] [] [] [] com.example.minion.aop.LoggingAspect - Entering method: AppConfig.restTemplate() with args: []
2025-12-02 02:12:49 DEBUG [main] [] [] [] com.example.minion.aop.LoggingAspect - Exiting method: AppConfig.restTemplate() with result: org.springframework.web.client.RestTemplate@42b2a977 (62ms)
2025-12-02 02:12:51 INFO  [main] [] [] [] com.example.minion.MinionServiceApplicationTests - Started MinionServiceApplicationTests in 2.6 seconds (process running for 14.835)
2025-12-02 02:12:51 INFO  [main] [] [] [] org.springframework.test.context.support.AnnotationConfigContextLoaderUtils - Could not detect default configuration classes for test class [com.example.minion.MinionServiceIntegrationTest]: MinionServiceIntegrationTest does not declare any static, non-private, non-final, nested classes annotated with @Configuration.
2025-12-02 02:12:51 INFO  [main] [] [] [] org.springframework.boot.test.context.SpringBootTestContextBootstrapper - Found @SpringBootConfiguration com.example.minion.MinionServiceApplication for test class com.example.minion.MinionServiceIntegrationTest
2025-12-02 02:12:51 INFO  [main] [] [] [] com.example.minion.MinionServiceIntegrationTest - Starting MinionServiceIntegrationTest using Java 17.0.11 with PID 1816 (started by User in C:\Users\User\minion-service)
2025-12-02 02:12:51 INFO  [main] [] [] [] com.example.minion.MinionServiceIntegrationTest - No active profile set, falling back to 1 default profile: "default"
2025-12-02 02:12:52 INFO  [main] [] [] [] com.example.minion.MinionServiceIntegrationTest - Started MinionServiceIntegrationTest in 1.395 seconds (process running for 16.277)
2025-12-02 02:12:52 ERROR [main] [] [] [] org.springframework.test.context.TestContextManager - Caught exception while allowing TestExecutionListener [org.springframework.test.context.support.DependencyInjectionTestExecutionListener] to prepare test instance [com.example.minion.MinionServiceIntegrationTest@63cd8f26]
org.springframework.beans.factory.UnsatisfiedDependencyException: Error creating bean with name 'com.example.minion.MinionServiceIntegrationTest': Unsatisfied dependency expressed through field 'mockMvc': No qualifying bean of type 'org.springframework.test.web.servlet.MockMvc' available: expected at least 1 bean which qualifies as autowire candidate. Dependency annotations: {@org.springframework.beans.factory.annotation.Autowired(required=true)}
	at org.springframework.beans.factory.annotation.AutowiredAnnotationBeanPostProcessor$AutowiredFieldElement.resolveFieldValue(AutowiredAnnotationBeanPostProcessor.java:772)
	at org.springframework.beans.factory.annotation.AutowiredAnnotationBeanPostProcessor$AutowiredFieldElement.inject(AutowiredAnnotationBeanPostProcessor.java:752)
	at org.springframework.beans.factory.annotation.InjectionMetadata.inject(InjectionMetadata.java:145)
	at org.springframework.beans.factory.annotation.AutowiredAnnotationBeanPostProcessor.postProcessProperties(AutowiredAnnotationBeanPostProcessor.java:493)
	at org.springframework.beans.factory.support.AbstractAutowireCapableBeanFactory.populateBean(AbstractAutowireCapableBeanFactory.java:1420)
	at org.springframework.beans.factory.support.AbstractAutowireCapableBeanFactory.autowireBeanProperties(AbstractAutowireCapableBeanFactory.java:397)
	at org.springframework.test.context.support.DependencyInjectionTestExecutionListener.injectDependencies(DependencyInjectionTestExecutionListener.java:142)
	at org.springframework.test.context.support.DependencyInjectionTestExecutionListener.prepareTestInstance(DependencyInjectionTestExecutionListener.java:97)
	at org.springframework.test.context.TestContextManager.prepareTestInstance(TestContextManager.java:247)
	at org.springframework.test.context.junit.jupiter.SpringExtension.postProcessTestInstance(SpringExtension.java:163)
	at org.junit.jupiter.engine.descriptor.ClassBasedTestDescriptor.lambda$invokeTestInstancePostProcessors$10(ClassBasedTestDescriptor.java:378)
	at org.junit.jupiter.engine.descriptor.ClassBasedTestDescriptor.executeAndMaskThrowable(ClassBasedTestDescriptor.java:383)
	at org.junit.jupiter.engine.descriptor.ClassBasedTestDescriptor.lambda$invokeTestInstancePostProcessors$11(ClassBasedTestDescriptor.java:378)
	at java.base/java.util.stream.ReferencePipeline$3$1.accept(ReferencePipeline.java:197)
	at java.base/java.util.stream.ReferencePipeline$2$1.accept(ReferencePipeline.java:179)
	at java.base/java.util.ArrayList$ArrayListSpliterator.forEachRemaining(ArrayList.java:1625)
	at java.base/java.util.stream.AbstractPipeline.copyInto(AbstractPipeline.java:509)
	at java.base/java.util.stream.AbstractPipeline.wrapAndCopyInto(AbstractPipeline.java:499)
	at java.base/java.util.stream.StreamSpliterators$WrappingSpliterator.forEachRemaining(StreamSpliterators.java:310)
	at java.base/java.util.stream.Streams$ConcatSpliterator.forEachRemaining(Streams.java:735)
	at java.base/java.util.stream.Streams$ConcatSpliterator.forEachRemaining(Streams.java:734)
	at java.base/java.util.stream.ReferencePipeline$Head.forEach(ReferencePipeline.java:762)
	at org.junit.jupiter.engine.descriptor.ClassBasedTestDescriptor.invokeTestInstancePostProcessors(ClassBasedTestDescriptor.java:377)
	at org.junit.jupiter.engine.descriptor.ClassBasedTestDescriptor.lambda$instantiateAndPostProcessTestInstance$6(ClassBasedTestDescriptor.java:290)
	at org.junit.platform.engine.support.hierarchical.ThrowableCollector.execute(ThrowableCollector.java:73)
	at org.junit.jupiter.engine.descriptor.ClassBasedTestDescriptor.instantiateAndPostProcessTestInstance(ClassBasedTestDescriptor.java:289)
	at org.junit.jupiter.engine.descriptor.ClassBasedTestDescriptor.lambda$testInstancesProvider$4(ClassBasedTestDescriptor.java:279)
	at java.base/java.util.Optional.orElseGet(Optional.java:364)
	at org.junit.jupiter.engine.descriptor.ClassBasedTestDescriptor.lambda$testInstancesProvider$5(ClassBasedTestDescriptor.java:278)
	at org.junit.jupiter.engine.execution.TestInstancesProvider.getTestInstances(TestInstancesProvider.java:31)
	at org.junit.jupiter.engine.descriptor.TestMethodTestDescriptor.lambda$prepare$0(TestMethodTestDescriptor.java:106)
	at org.junit.platform.engine.support.hierarchical.ThrowableCollector.execute(ThrowableCollector.java:73)
	at org.junit.jupiter.engine.descriptor.TestMethodTestDescriptor.prepare(TestMethodTestDescriptor.java:105)
	at org.junit.jupiter.engine.descriptor.TestMethodTestDescriptor.prepare(TestMethodTestDescriptor.java:69)
	at org.junit.platform.engine.support.hierarchical.NodeTestTask.lambda$prepare$2(NodeTestTask.java:123)
	at org.junit.platform.engine.support.hierarchical.ThrowableCollector.execute(ThrowableCollector.java:73)
	at org.junit.platform.engine.support.hierarchical.NodeTestTask.prepare(NodeTestTask.java:123)
	at org.junit.platform.engine.support.hierarchical.NodeTestTask.execute(NodeTestTask.java:90)
	at java.base/java.util.ArrayList.forEach(ArrayList.java:1511)
	at org.junit.platform.engine.support.hierarchical.SameThreadHierarchicalTestExecutorService.invokeAll(SameThreadHierarchicalTestExecutorService.java:41)
	at org.junit.platform.engine.support.hierarchical.NodeTestTask.lambda$executeRecursively$6(NodeTestTask.java:155)
	at org.junit.platform.engine.support.hierarchical.ThrowableCollector.execute(ThrowableCollector.java:73)
	at org.junit.platform.engine.support.hierarchical.NodeTestTask.lambda$executeRecursively$8(NodeTestTask.java:141)
	at org.junit.platform.engine.support.hierarchical.Node.around(Node.java:137)
	at org.junit.platform.engine.support.hierarchical.NodeTestTask.lambda$executeRecursively$9(NodeTestTask.java:139)
	at org.junit.platform.engine.support.hierarchical.ThrowableCollector.execute(ThrowableCollector.java:73)
	at org.junit.platform.engine.support.hierarchical.NodeTestTask.executeRecursively(NodeTestTask.java:138)
	at org.junit.platform.engine.support.hierarchical.NodeTestTask.execute(NodeTestTask.java:95)
	at java.base/java.util.ArrayList.forEach(ArrayList.java:1511)
	at org.junit.platform.engine.support.hierarchical.SameThreadHierarchicalTestExecutorService.invokeAll(SameThreadHierarchicalTestExecutorService.java:41)
	at org.junit.platform.engine.support.hierarchical.NodeTestTask.lambda$executeRecursively$6(NodeTestTask.java:155)
	at org.junit.platform.engine.support.hierarchical.ThrowableCollector.execute(ThrowableCollector.java:73)
	at org.junit.platform.engine.support.hierarchical.NodeTestTask.lambda$executeRecursively$8(NodeTestTask.java:141)
	at org.junit.platform.engine.support.hierarchical.Node.around(Node.java:137)
	at org.junit.platform.engine.support.hierarchical.NodeTestTask.lambda$executeRecursively$9(NodeTestTask.java:139)
	at org.junit.platform.engine.support.hierarchical.ThrowableCollector.execute(ThrowableCollector.java:73)
	at org.junit.platform.engine.support.hierarchical.NodeTestTask.executeRecursively(NodeTestTask.java:138)
	at org.junit.platform.engine.support.hierarchical.NodeTestTask.execute(NodeTestTask.java:95)
	at org.junit.platform.engine.support.hierarchical.SameThreadHierarchicalTestExecutorService.submit(SameThreadHierarchicalTestExecutorService.java:35)
	at org.junit.platform.engine.support.hierarchical.HierarchicalTestExecutor.execute(HierarchicalTestExecutor.java:57)
	at org.junit.platform.engine.support.hierarchical.HierarchicalTestEngine.execute(HierarchicalTestEngine.java:54)
	at org.junit.platform.launcher.core.EngineExecutionOrchestrator.execute(EngineExecutionOrchestrator.java:198)
	at org.junit.platform.launcher.core.EngineExecutionOrchestrator.execute(EngineExecutionOrchestrator.java:169)
	at org.junit.platform.launcher.core.EngineExecutionOrchestrator.execute(EngineExecutionOrchestrator.java:93)
	at org.junit.platform.launcher.core.EngineExecutionOrchestrator.lambda$execute$0(EngineExecutionOrchestrator.java:58)
	at org.junit.platform.launcher.core.EngineExecutionOrchestrator.withInterceptedStreams(EngineExecutionOrchestrator.java:141)
	at org.junit.platform.launcher.core.EngineExecutionOrchestrator.execute(EngineExecutionOrchestrator.java:57)
	at org.junit.platform.launcher.core.DefaultLauncher.execute(DefaultLauncher.java:103)
	at org.junit.platform.launcher.core.DefaultLauncher.execute(DefaultLauncher.java:85)
	at org.junit.platform.launcher.core.DelegatingLauncher.execute(DelegatingLauncher.java:47)
	at org.apache.maven.surefire.junitplatform.LazyLauncher.execute(LazyLauncher.java:56)
	at org.apache.maven.surefire.junitplatform.JUnitPlatformProvider.execute(JUnitPlatformProvider.java:184)
	at org.apache.maven.surefire.junitplatform.JUnitPlatformProvider.invokeAllTests(JUnitPlatformProvider.java:148)
	at org.apache.maven.surefire.junitplatform.JUnitPlatformProvider.invoke(JUnitPlatformProvider.java:122)
	at org.apache.maven.surefire.booter.ForkedBooter.runSuitesInProcess(ForkedBooter.java:385)
	at org.apache.maven.surefire.booter.ForkedBooter.execute(ForkedBooter.java:162)
	at org.apache.maven.surefire.booter.ForkedBooter.run(ForkedBooter.java:507)
	at org.apache.maven.surefire.booter.ForkedBooter.main(ForkedBooter.java:495)
Caused by: org.springframework.beans.factory.NoSuchBeanDefinitionException: No qualifying bean of type 'org.springframework.test.web.servlet.MockMvc' available: expected at least 1 bean which qualifies as autowire candidate. Dependency annotations: {@org.springframework.beans.factory.annotation.Autowired(required=true)}
	at org.springframework.beans.factory.support.DefaultListableBeanFactory.raiseNoMatchingBeanFound(DefaultListableBeanFactory.java:1878)
	at org.springframework.beans.factory.support.DefaultListableBeanFactory.doResolveDependency(DefaultListableBeanFactory.java:1404)
	at org.springframework.beans.factory.support.DefaultListableBeanFactory.resolveDependency(DefaultListableBeanFactory.java:1348)
	at org.springframework.beans.factory.annotation.AutowiredAnnotationBeanPostProcessor$AutowiredFieldElement.resolveFieldValue(AutowiredAnnotationBeanPostProcessor.java:769)
	... 77 common frames omitted
2025-12-02 02:12:52 ERROR [main] [] [] [] com.example.minion.service.MasterClient - Failed to send result to master (attempt 1/3): status=FOUND, error=Connection failed
2025-12-02 02:12:52 INFO  [main] [] [] [] com.example.minion.service.MasterClient - Retrying in 1 second...
2025-12-02 02:12:53 ERROR [main] [] [] [] com.example.minion.service.MasterClient - Failed to send result to master (attempt 2/3): status=FOUND, error=Connection failed
2025-12-02 02:12:53 INFO  [main] [] [] [] com.example.minion.service.MasterClient - Retrying in 1 second...
2025-12-02 02:12:54 ERROR [main] [] [] [] com.example.minion.service.MasterClient - Failed to send result to master (attempt 3/3): status=FOUND, error=Connection failed
2025-12-02 02:12:54 ERROR [main] [] [] [] com.example.minion.service.MasterClient - Failed to send result after 3 attempts: status=FOUND
2025-12-02 02:12:54 INFO  [main] [] [] [] com.example.minion.service.MasterClient - Result sent to master: status=FOUND, password=050-1234567
2025-12-02 02:12:54 ERROR [main] [] [] [] com.example.minion.service.MasterClient - Failed to send result to master (attempt 1/3): status=NOT_FOUND, error=Connection failed
2025-12-02 02:12:54 INFO  [main] [] [] [] com.example.minion.service.MasterClient - Retrying in 1 second...
2025-12-02 02:12:55 ERROR [main] [] [] [] com.example.minion.service.MasterClient - Failed to send result to master (attempt 2/3): status=NOT_FOUND, error=Connection failed
2025-12-02 02:12:55 INFO  [main] [] [] [] com.example.minion.service.MasterClient - Retrying in 1 second...
2025-12-02 02:12:56 INFO  [main] [] [] [] com.example.minion.service.MasterClient - Result sent to master: status=NOT_FOUND, password=null
2025-12-02 02:12:56 WARN  [main] [task-null] [] [test-minion] com.example.minion.service.MinionService - Malformed request: rangeFrom=null, rangeTo=500000000
2025-12-02 02:12:56 INFO  [main] [task-first] [] [test-minion] com.example.minion.service.MinionService - Starting crack task: hash=098f6bcd4621d373cade4e832627b4f6, range=500000000-500000010
2025-12-02 02:12:56 DEBUG [main] [task-first] [] [test-minion] com.example.minion.service.MinionService - Processing 11 phone numbers in range
2025-12-02 02:12:56 INFO  [main] [task-first] [] [test-minion] com.example.minion.service.MinionService - Hash never found in range: 500000000-500000010
2025-12-02 02:12:56 INFO  [main] [task-first] [test-minion-result-not-found] [test-minion] com.example.minion.service.MinionService - Crack task completed
2025-12-02 02:12:56 WARN  [main] [task-789] [] [test-minion] com.example.minion.service.MinionService - Malformed request: rangeFrom=500000001, rangeTo=500000000
2025-12-02 02:12:56 INFO  [main] [task-456] [] [test-minion] com.example.minion.service.MinionService - Starting crack task: hash=nonexistenthash123456789, range=500000000-500000002
2025-12-02 02:12:56 DEBUG [main] [task-456] [] [test-minion] com.example.minion.service.MinionService - Processing 3 phone numbers in range
2025-12-02 02:12:56 INFO  [main] [task-456] [] [test-minion] com.example.minion.service.MinionService - Hash never found in range: 500000000-500000002
2025-12-02 02:12:56 INFO  [main] [task-456] [test-minion-result-not-found] [test-minion] com.example.minion.service.MinionService - Crack task completed
2025-12-02 02:12:56 INFO  [main] [task-123] [] [test-minion] com.example.minion.service.MinionService - Starting crack task: hash=098f6bcd4621d373cade4e832627b4f6, range=500000000-500000001
2025-12-02 02:12:56 DEBUG [main] [task-123] [] [test-minion] com.example.minion.service.MinionService - Processing 2 phone numbers in range
2025-12-02 02:12:56 INFO  [main] [task-123] [] [test-minion] com.example.minion.service.MinionService - Hash never found in range: 500000000-500000001
2025-12-02 02:12:56 INFO  [main] [task-123] [test-minion-result-not-found] [test-minion] com.example.minion.service.MinionService - Crack task completed
2025-12-02 03:18:06 INFO  [background-preinit] [] [] [] org.hibernate.validator.internal.util.Version - HV000001: Hibernate Validator 8.0.1.Final
2025-12-02 03:18:06 INFO  [main] [] [] [] com.example.minion.MinionServiceApplicationTests - Starting MinionServiceApplicationTests using Java 17.0.11 with PID 17628 (started by User in C:\Users\User\minion-service)
2025-12-02 03:18:06 INFO  [main] [] [] [] com.example.minion.MinionServiceApplicationTests - No active profile set, falling back to 1 default profile: "default"
2025-12-02 03:18:08 INFO  [main] [] [] [] com.example.minion.MinionServiceApplicationTests - Started MinionServiceApplicationTests in 2.05 seconds (process running for 2.769)
2025-12-02 03:18:09 WARN  [main] [] [] [] com.example.minion.service.MinionService - Invalid range: rangeFrom=null, rangeTo=500000000
2025-12-02 03:18:09 INFO  [main] [] [] [] com.example.minion.service.MinionService - Starting crack task: hash=1d0b28c7e3ef0ba9d3c04a4183b576ac, range=500000000-500000010
2025-12-02 03:18:09 DEBUG [main] [] [] [] com.example.minion.service.MinionService - Processing 11 phone numbers in range
2025-12-02 03:18:09 DEBUG [main] [] [] [] com.example.minion.service.MinionService - Testing: 055-00000000 -> dcb085ec7b26b19e1db54c570900ec53
2025-12-02 03:18:09 DEBUG [main] [] [] [] com.example.minion.service.MinionService - Testing: 055-00000001 -> ee8367ffbf2ca8be11a21bb4baec6468
2025-12-02 03:18:09 DEBUG [main] [] [] [] com.example.minion.service.MinionService - Testing: 055-00000002 -> 7c2307ba3e4203187d05c4af2144a8e4
2025-12-02 03:18:09 DEBUG [main] [] [] [] com.example.minion.service.MinionService - Testing: 055-00000003 -> 7a33a3f2fd4318042698fa085a99d1d5
2025-12-02 03:18:09 DEBUG [main] [] [] [] com.example.minion.service.MinionService - Testing: 055-00000004 -> d726c4d6c019c17098f6987582844350
2025-12-02 03:18:09 DEBUG [main] [] [] [] com.example.minion.service.MinionService - Testing: 055-00000005 -> 3f59bd827180d09dfe5f97dec2dff2c2
2025-12-02 03:18:09 INFO  [main] [] [] [] com.example.minion.service.MinionService - Password not found in range: 500000000-500000010
2025-12-02 03:18:09 INFO  [main] [] [test-minion-result-not-found] [] com.example.minion.service.MinionService - Crack task completed
2025-12-02 03:18:09 WARN  [main] [] [test-minion-result-not-found] [] com.example.minion.service.MinionService - Invalid range: rangeFrom=500000001, rangeTo=500000000
2025-12-02 03:18:09 INFO  [main] [] [test-minion-result-not-found] [] com.example.minion.service.MinionService - Starting crack task: hash=nonexistenthash123456789, range=500000000-500000002
2025-12-02 03:18:09 DEBUG [main] [] [test-minion-result-not-found] [] com.example.minion.service.MinionService - Processing 3 phone numbers in range
2025-12-02 03:18:09 DEBUG [main] [] [test-minion-result-not-found] [] com.example.minion.service.MinionService - Testing: 055-00000000 -> dcb085ec7b26b19e1db54c570900ec53
2025-12-02 03:18:09 DEBUG [main] [] [test-minion-result-not-found] [] com.example.minion.service.MinionService - Testing: 055-00000001 -> ee8367ffbf2ca8be11a21bb4baec6468
2025-12-02 03:18:09 DEBUG [main] [] [test-minion-result-not-found] [] com.example.minion.service.MinionService - Testing: 055-00000002 -> 7c2307ba3e4203187d05c4af2144a8e4
2025-12-02 03:18:09 INFO  [main] [] [test-minion-result-not-found] [] com.example.minion.service.MinionService - Password not found in range: 500000000-500000002
2025-12-02 03:18:09 INFO  [main] [] [test-minion-result-not-found] [] com.example.minion.service.MinionService - Crack task completed
2025-12-02 03:18:09 INFO  [main] [] [test-minion-result-not-found] [] com.example.minion.service.MinionService - Starting crack task: hash=1d0b28c7e3ef0ba9d3c04a4183b576ac, range=500000000-500000001
2025-12-02 03:18:09 DEBUG [main] [] [test-minion-result-not-found] [] com.example.minion.service.MinionService - Processing 2 phone numbers in range
2025-12-02 03:18:09 DEBUG [main] [] [test-minion-result-not-found] [] com.example.minion.service.MinionService - Testing: 055-00000000 -> dcb085ec7b26b19e1db54c570900ec53
2025-12-02 03:18:09 DEBUG [main] [] [test-minion-result-not-found] [] com.example.minion.service.MinionService - Testing: 055-00000001 -> ee8367ffbf2ca8be11a21bb4baec6468
2025-12-02 03:18:09 INFO  [main] [] [test-minion-result-not-found] [] com.example.minion.service.MinionService - Password not found in range: 500000000-500000001
2025-12-02 03:18:09 INFO  [main] [] [test-minion-result-not-found] [] com.example.minion.service.MinionService - Crack task completed
2025-12-02 03:20:28 INFO  [background-preinit] [] [] [] org.hibernate.validator.internal.util.Version - HV000001: Hibernate Validator 8.0.1.Final
2025-12-02 03:20:28 INFO  [main] [] [] [] com.example.minion.MinionServiceApplicationTests - Starting MinionServiceApplicationTests using Java 17.0.11 with PID 16248 (started by User in C:\Users\User\minion-service)
2025-12-02 03:20:28 INFO  [main] [] [] [] com.example.minion.MinionServiceApplicationTests - No active profile set, falling back to 1 default profile: "default"
2025-12-02 03:20:29 INFO  [main] [] [] [] com.example.minion.MinionServiceApplicationTests - Started MinionServiceApplicationTests in 2.124 seconds (process running for 3.07)
2025-12-02 03:20:30 WARN  [main] [] [] [] com.example.minion.service.MinionService - Invalid range: rangeFrom=null, rangeTo=500000000
2025-12-02 03:20:30 INFO  [main] [] [] [] com.example.minion.service.MinionService - Starting crack task: hash=1d0b28c7e3ef0ba9d3c04a4183b576ac, range=500000000-500000000
2025-12-02 03:20:30 DEBUG [main] [] [] [] com.example.minion.service.MinionService - Processing 1 phone numbers in range
2025-12-02 03:20:30 DEBUG [main] [] [] [] com.example.minion.service.MinionService - Testing: 055-00000000 -> dcb085ec7b26b19e1db54c570900ec53
2025-12-02 03:20:30 INFO  [main] [] [] [] com.example.minion.service.MinionService - Password not found in range: 500000000-500000000
2025-12-02 03:20:30 INFO  [main] [] [test-minion-result-not-found] [] com.example.minion.service.MinionService - Crack task completed
2025-12-02 03:20:30 WARN  [main] [] [test-minion-result-not-found] [] com.example.minion.service.MinionService - Invalid range: rangeFrom=500000001, rangeTo=500000000
2025-12-02 03:20:30 INFO  [main] [] [test-minion-result-not-found] [] com.example.minion.service.MinionService - Starting crack task: hash=nonexistenthash123456789, range=500000000-500000002
2025-12-02 03:20:30 DEBUG [main] [] [test-minion-result-not-found] [] com.example.minion.service.MinionService - Processing 3 phone numbers in range
2025-12-02 03:20:30 DEBUG [main] [] [test-minion-result-not-found] [] com.example.minion.service.MinionService - Testing: 055-00000000 -> dcb085ec7b26b19e1db54c570900ec53
2025-12-02 03:20:30 DEBUG [main] [] [test-minion-result-not-found] [] com.example.minion.service.MinionService - Testing: 055-00000001 -> ee8367ffbf2ca8be11a21bb4baec6468
2025-12-02 03:20:30 DEBUG [main] [] [test-minion-result-not-found] [] com.example.minion.service.MinionService - Testing: 055-00000002 -> 7c2307ba3e4203187d05c4af2144a8e4
2025-12-02 03:20:30 INFO  [main] [] [test-minion-result-not-found] [] com.example.minion.service.MinionService - Password not found in range: 500000000-500000002
2025-12-02 03:20:30 INFO  [main] [] [test-minion-result-not-found] [] com.example.minion.service.MinionService - Crack task completed
2025-12-02 03:20:30 INFO  [main] [] [test-minion-result-not-found] [] com.example.minion.service.MinionService - Starting crack task: hash=1d0b28c7e3ef0ba9d3c04a4183b576ac, range=500000000-500000000
2025-12-02 03:20:30 DEBUG [main] [] [test-minion-result-not-found] [] com.example.minion.service.MinionService - Processing 1 phone numbers in range
2025-12-02 03:20:30 DEBUG [main] [] [test-minion-result-not-found] [] com.example.minion.service.MinionService - Testing: 055-00000000 -> dcb085ec7b26b19e1db54c570900ec53
2025-12-02 03:20:30 INFO  [main] [] [test-minion-result-not-found] [] com.example.minion.service.MinionService - Password not found in range: 500000000-500000000
2025-12-02 03:20:30 INFO  [main] [] [test-minion-result-not-found] [] com.example.minion.service.MinionService - Crack task completed
2025-12-02 03:22:23 INFO  [background-preinit] [] [] [] org.hibernate.validator.internal.util.Version - HV000001: Hibernate Validator 8.0.1.Final
2025-12-02 03:22:23 INFO  [main] [] [] [] com.example.minion.MinionServiceApplicationTests - Starting MinionServiceApplicationTests using Java 17.0.11 with PID 17472 (started by User in C:\Users\User\minion-service)
2025-12-02 03:22:23 INFO  [main] [] [] [] com.example.minion.MinionServiceApplicationTests - No active profile set, falling back to 1 default profile: "default"
2025-12-02 03:22:25 INFO  [main] [] [] [] com.example.minion.MinionServiceApplicationTests - Started MinionServiceApplicationTests in 2.023 seconds (process running for 2.737)
2025-12-02 03:22:26 WARN  [main] [] [] [] com.example.minion.service.MinionService - Invalid range: rangeFrom=null, rangeTo=500000000
2025-12-02 03:22:26 INFO  [main] [] [] [] com.example.minion.service.MinionService - Starting crack task: hash=dcb085ec7b26b19e1db54c570900ec53, range=500000000-500000010
2025-12-02 03:22:26 DEBUG [main] [] [] [] com.example.minion.service.MinionService - Processing 11 phone numbers in range
2025-12-02 03:22:26 DEBUG [main] [] [] [] com.example.minion.service.MinionService - Testing: 055-00000000 -> dcb085ec7b26b19e1db54c570900ec53
2025-12-02 03:22:26 INFO  [main] [] [test-minion-found-500000000] [] com.example.minion.service.MinionService - Password FOUND: password=055-00000000
2025-12-02 03:22:26 INFO  [main] [] [test-minion-result-found] [] com.example.minion.service.MinionService - Crack task completed
2025-12-02 03:22:26 WARN  [main] [] [test-minion-result-found] [] com.example.minion.service.MinionService - Invalid range: rangeFrom=500000001, rangeTo=500000000
2025-12-02 03:22:26 INFO  [main] [] [test-minion-result-found] [] com.example.minion.service.MinionService - Starting crack task: hash=nonexistenthash123456789, range=500000000-500000002
2025-12-02 03:22:26 DEBUG [main] [] [test-minion-result-found] [] com.example.minion.service.MinionService - Processing 3 phone numbers in range
2025-12-02 03:22:26 DEBUG [main] [] [test-minion-result-found] [] com.example.minion.service.MinionService - Testing: 055-00000000 -> dcb085ec7b26b19e1db54c570900ec53
2025-12-02 03:22:26 DEBUG [main] [] [test-minion-result-found] [] com.example.minion.service.MinionService - Testing: 055-00000001 -> ee8367ffbf2ca8be11a21bb4baec6468
2025-12-02 03:22:26 DEBUG [main] [] [test-minion-result-found] [] com.example.minion.service.MinionService - Testing: 055-00000002 -> 7c2307ba3e4203187d05c4af2144a8e4
2025-12-02 03:22:26 INFO  [main] [] [test-minion-result-found] [] com.example.minion.service.MinionService - Password not found in range: 500000000-500000002
2025-12-02 03:22:26 INFO  [main] [] [test-minion-result-not-found] [] com.example.minion.service.MinionService - Crack task completed
2025-12-02 03:22:26 INFO  [main] [] [test-minion-result-not-found] [] com.example.minion.service.MinionService - Starting crack task: hash=dcb085ec7b26b19e1db54c570900ec53, range=500000000-500000000
2025-12-02 03:22:26 DEBUG [main] [] [test-minion-result-not-found] [] com.example.minion.service.MinionService - Processing 1 phone numbers in range
2025-12-02 03:22:26 DEBUG [main] [] [test-minion-result-not-found] [] com.example.minion.service.MinionService - Testing: 055-00000000 -> dcb085ec7b26b19e1db54c570900ec53
2025-12-02 03:22:26 INFO  [main] [] [test-minion-found-500000000] [] com.example.minion.service.MinionService - Password FOUND: password=055-00000000
2025-12-02 03:22:26 INFO  [main] [] [test-minion-result-found] [] com.example.minion.service.MinionService - Crack task completed
2025-12-02 03:24:25 INFO  [background-preinit] [] [] [] org.hibernate.validator.internal.util.Version - HV000001: Hibernate Validator 8.0.1.Final
2025-12-02 03:24:25 INFO  [main] [] [] [] com.example.minion.MinionServiceApplicationTests - Starting MinionServiceApplicationTests using Java 17.0.11 with PID 4688 (started by User in C:\Users\User\minion-service)
2025-12-02 03:24:25 INFO  [main] [] [] [] com.example.minion.MinionServiceApplicationTests - No active profile set, falling back to 1 default profile: "default"
2025-12-02 03:24:27 INFO  [main] [] [] [] com.example.minion.MinionServiceApplicationTests - Started MinionServiceApplicationTests in 1.968 seconds (process running for 2.794)
2025-12-02 03:24:28 WARN  [main] [] [] [] com.example.minion.service.MinionService - Invalid range: rangeFrom=null, rangeTo=500000000
2025-12-02 03:24:28 INFO  [main] [] [] [] com.example.minion.service.MinionService - Starting crack task: hash=dcb085ec7b26b19e1db54c570900ec53, range=500000000-500000010
2025-12-02 03:24:28 DEBUG [main] [] [] [] com.example.minion.service.MinionService - Processing 11 phone numbers in range
2025-12-02 03:24:28 DEBUG [main] [] [] [] com.example.minion.service.MinionService - Testing: 055-00000000 -> dcb085ec7b26b19e1db54c570900ec53
2025-12-02 03:24:28 INFO  [main] [] [test-minion-found-500000000] [] com.example.minion.service.MinionService - Password FOUND: password=055-00000000
2025-12-02 03:24:28 INFO  [main] [] [test-minion-result-found] [] com.example.minion.service.MinionService - Crack task completed
2025-12-02 03:24:28 WARN  [main] [] [test-minion-result-found] [] com.example.minion.service.MinionService - Invalid range: rangeFrom=500000001, rangeTo=500000000
2025-12-02 03:24:28 INFO  [main] [] [test-minion-result-found] [] com.example.minion.service.MinionService - Starting crack task: hash=nonexistenthash123456789, range=500000000-500000002
2025-12-02 03:24:28 DEBUG [main] [] [test-minion-result-found] [] com.example.minion.service.MinionService - Processing 3 phone numbers in range
2025-12-02 03:24:28 DEBUG [main] [] [test-minion-result-found] [] com.example.minion.service.MinionService - Testing: 055-00000000 -> dcb085ec7b26b19e1db54c570900ec53
2025-12-02 03:24:28 DEBUG [main] [] [test-minion-result-found] [] com.example.minion.service.MinionService - Testing: 055-00000001 -> ee8367ffbf2ca8be11a21bb4baec6468
2025-12-02 03:24:28 DEBUG [main] [] [test-minion-result-found] [] com.example.minion.service.MinionService - Testing: 055-00000002 -> 7c2307ba3e4203187d05c4af2144a8e4
2025-12-02 03:24:28 INFO  [main] [] [test-minion-result-found] [] com.example.minion.service.MinionService - Password not found in range: 500000000-500000002
2025-12-02 03:24:28 INFO  [main] [] [test-minion-result-not-found] [] com.example.minion.service.MinionService - Crack task completed
2025-12-02 03:24:28 INFO  [main] [] [test-minion-result-not-found] [] com.example.minion.service.MinionService - Starting crack task: hash=dcb085ec7b26b19e1db54c570900ec53, range=500000000-500000000
2025-12-02 03:24:28 DEBUG [main] [] [test-minion-result-not-found] [] com.example.minion.service.MinionService - Processing 1 phone numbers in range
2025-12-02 03:24:28 DEBUG [main] [] [test-minion-result-not-found] [] com.example.minion.service.MinionService - Testing: 055-00000000 -> dcb085ec7b26b19e1db54c570900ec53
2025-12-02 03:24:28 INFO  [main] [] [test-minion-found-500000000] [] com.example.minion.service.MinionService - Password FOUND: password=055-00000000
2025-12-02 03:24:28 INFO  [main] [] [test-minion-result-found] [] com.example.minion.service.MinionService - Crack task completed
